e:\cpphomework\consoleapplication1\consoleapplication1\debug\vc140.pdb
e:\cpphomework\consoleapplication1\consoleapplication1\debug\vc140.idb
e:\cpphomework\consoleapplication1\consoleapplication1\debug\color.obj
e:\cpphomework\consoleapplication1\consoleapplication1\debug\hero.obj
e:\cpphomework\consoleapplication1\consoleapplication1\debug\hud.obj
e:\cpphomework\consoleapplication1\consoleapplication1\debug\login.obj
e:\cpphomework\consoleapplication1\consoleapplication1\debug\main.obj
e:\cpphomework\consoleapplication1\consoleapplication1\debug\master.obj
e:\cpphomework\consoleapplication1\consoleapplication1\debug\monster.obj
e:\cpphomework\consoleapplication1\consoleapplication1\debug\pastor.obj
e:\cpphomework\consoleapplication1\consoleapplication1\debug\scaleph.obj
e:\cpphomework\consoleapplication1\consoleapplication1\debug\scorchingsun.obj
e:\cpphomework\consoleapplication1\consoleapplication1\debug\skill.obj
e:\cpphomework\consoleapplication1\consoleapplication1\debug\snowstorm.obj
e:\cpphomework\consoleapplication1\consoleapplication1\debug\soldier.obj
e:\cpphomework\consoleapplication1\consoleapplication1\debug\suddenadvance.obj
e:\cpphomework\consoleapplication1\debug\consoleapplication1.ilk
e:\cpphomework\consoleapplication1\debug\consoleapplication1.exe
e:\cpphomework\consoleapplication1\debug\consoleapplication1.pdb
e:\cpphomework\consoleapplication1\consoleapplication1\debug\consolea.171e2ed6.tlog\cl.command.1.tlog
e:\cpphomework\consoleapplication1\consoleapplication1\debug\consolea.171e2ed6.tlog\cl.read.1.tlog
e:\cpphomework\consoleapplication1\consoleapplication1\debug\consolea.171e2ed6.tlog\cl.write.1.tlog
e:\cpphomework\consoleapplication1\consoleapplication1\debug\consolea.171e2ed6.tlog\link.command.1.tlog
e:\cpphomework\consoleapplication1\consoleapplication1\debug\consolea.171e2ed6.tlog\link.read.1.tlog
e:\cpphomework\consoleapplication1\consoleapplication1\debug\consolea.171e2ed6.tlog\link.write.1.tlog
